<?xml version="1.0" encoding="UTF-8"?>
<!-- Generated by org.testng.reporters.JUnitReportReporter -->
<testsuite hostname="DESKTOP-P1CM33A" failures="0" tests="1" name="RemoteTest.Test3" time="14.061" errors="0" timestamp="2024-08-23T23:12:27 IST" skipped="0">
  <testcase classname="RemoteTest.Test3" name="test3" time="14.061"/>
</testsuite> <!-- RemoteTest.Test3 -->
