<?xml version="1.0" encoding="UTF-8"?>
<!-- Generated by org.testng.reporters.JUnitReportReporter -->
<testsuite hostname="DESKTOP-P1CM33A" failures="0" tests="1" name="RemoteTest.Test1" time="3.613" errors="0" timestamp="2024-08-23T23:41:18 IST" skipped="0">
  <testcase classname="RemoteTest.Test1" name="test1" time="3.613"/>
</testsuite> <!-- RemoteTest.Test1 -->
