<?xml version="1.0" encoding="UTF-8"?>
<!-- Generated by org.testng.reporters.JUnitReportReporter -->
<testsuite hostname="DESKTOP-P1CM33A" failures="0" tests="1" name="RemoteTest.Test1" time="6.779" errors="0" timestamp="2024-08-21T21:30:07 IST" skipped="0">
  <testcase classname="RemoteTest.Test1" name="test1" time="6.779"/>
</testsuite> <!-- RemoteTest.Test1 -->
