<?xml version="1.0" encoding="UTF-8"?>
<!-- Generated by org.testng.reporters.JUnitReportReporter -->
<testsuite hostname="DESKTOP-P1CM33A" failures="0" tests="1" name="RemoteTest.Test2" time="15.516" errors="0" timestamp="2024-08-23T23:12:27 IST" skipped="0">
  <testcase classname="RemoteTest.Test2" name="test2" time="15.516"/>
</testsuite> <!-- RemoteTest.Test2 -->
