<?xml version="1.0" encoding="UTF-8"?>
<!-- Generated by org.testng.reporters.JUnitReportReporter -->
<testsuite hostname="DESKTOP-P1CM33A" failures="0" tests="1" name="RemoteTest.Test2" time="4.756" errors="0" timestamp="2024-08-21T21:30:07 IST" skipped="0">
  <testcase classname="RemoteTest.Test2" name="test2" time="4.756"/>
</testsuite> <!-- RemoteTest.Test2 -->
