<?xml version="1.0" encoding="UTF-8"?>
<!-- Generated by org.testng.reporters.JUnitReportReporter -->
<testsuite hostname="DESKTOP-P1CM33A" failures="0" tests="1" name="ExtentReport.FaceBook_Registration" time="0.613" errors="0" timestamp="2024-07-30T13:01:51 IST" skipped="0">
  <testcase classname="ExtentReport.FaceBook_Registration" name="faceBookRegistration" time="0.613"/>
</testsuite> <!-- ExtentReport.FaceBook_Registration -->
