<?xml version="1.0" encoding="UTF-8"?>
<!-- Generated by org.testng.reporters.JUnitReportReporter -->
<testsuite hostname="TBSLT00680" failures="0" tests="3" name="BasicTest.AnnotationsCheck" time="0.014" errors="0" timestamp="2024-07-23T12:17:13 IST" skipped="0">
  <testcase classname="BasicTest.AnnotationsCheck" name="Test3" time="0.003"/>
  <testcase classname="BasicTest.AnnotationsCheck" name="Test1" time="0.009"/>
  <testcase classname="BasicTest.AnnotationsCheck" name="Test2" time="0.002"/>
</testsuite> <!-- BasicTest.AnnotationsCheck -->
