<?xml version="1.0" encoding="UTF-8"?>
<!-- Generated by org.testng.reporters.JUnitReportReporter -->
<testsuite hostname="TBSLT00680" failures="0" tests="3" name="DataProvider.FacebookLoginTest" time="0.002" errors="0" timestamp="2024-07-23T13:15:09 IST" skipped="0">
  <testcase classname="DataProvider.FacebookLoginTest" name="LinkedInloginTest" time="0.000"/>
  <testcase classname="DataProvider.FacebookLoginTest" name="FacebookCommon" time="0.001"/>
  <testcase classname="DataProvider.FacebookLoginTest" name="LinkedInRegistrationTest" time="0.001"/>
</testsuite> <!-- DataProvider.FacebookLoginTest -->
