<?xml version="1.0" encoding="UTF-8"?>
<!-- Generated by org.testng.reporters.JUnitReportReporter -->
<testsuite hostname="DESKTOP-P1CM33A" failures="0" tests="1" name="ExtentReport.FaceBook_Registration" time="0.523" errors="0" timestamp="2024-08-24T12:04:46 IST" skipped="0">
  <testcase classname="ExtentReport.FaceBook_Registration" name="faceBookRegistration" time="0.523"/>
</testsuite> <!-- ExtentReport.FaceBook_Registration -->
