<?xml version="1.0" encoding="UTF-8"?>
<!-- Generated by org.testng.reporters.JUnitReportReporter -->
<testsuite hostname="TBSLT00680" failures="0" tests="2" name="Parameteization.ParameterizationTest" time="0.002" errors="0" timestamp="2024-07-23T13:15:09 IST" skipped="0">
  <testcase classname="Parameteization.ParameterizationTest" name="getParameter" time="0.001"/>
  <testcase classname="Parameteization.ParameterizationTest" name="loginCredentials" time="0.001"/>
</testsuite> <!-- Parameteization.ParameterizationTest -->
