<?xml version="1.0" encoding="UTF-8"?>
<!-- Generated by org.testng.reporters.JUnitReportReporter -->
<testsuite hostname="TILLT05308" failures="0" tests="1" name="ExtentReport.FaceBook_Registration" time="1.125" errors="0" timestamp="2024-06-15T21:25:57 IST" skipped="0">
  <testcase classname="ExtentReport.FaceBook_Registration" name="faceBookRegistration" time="1.125"/>
</testsuite> <!-- ExtentReport.FaceBook_Registration -->
