<?xml version="1.0" encoding="UTF-8"?>
<!-- Generated by org.testng.reporters.JUnitReportReporter -->
<testsuite hostname="TBSLT00680" failures="0" tests="1" name="DataProvider.FacebookRegistrationIntregation" time="0.002" errors="0" timestamp="2024-07-23T13:15:09 IST" skipped="0">
  <testcase classname="DataProvider.FacebookRegistrationIntregation" name="FacebookRegistration" time="0.002"/>
</testsuite> <!-- DataProvider.FacebookRegistrationIntregation -->
