<?xml version="1.0" encoding="UTF-8"?>
<!-- Generated by org.testng.reporters.JUnitReportReporter -->
<testsuite hostname="TBSLT00680" failures="0" tests="1" name="DataProvider.FacebookIntregation" time="0.001" errors="0" timestamp="2024-07-23T13:15:09 IST" skipped="0">
  <testcase classname="DataProvider.FacebookIntregation" name="FacebookLogin" time="0.001"/>
</testsuite> <!-- DataProvider.FacebookIntregation -->
