<?xml version="1.0" encoding="UTF-8"?>
<!-- Generated by org.testng.reporters.JUnitReportReporter -->
<testsuite hostname="TBSLT00680" failures="0" tests="3" name="DataProvider.DataProviderParameterexample" time="0.017" errors="0" timestamp="2024-07-23T13:15:09 IST" skipped="0">
  <testcase classname="DataProvider.DataProviderParameterexample" name="Scenario2" time="0.001"/>
  <testcase classname="DataProvider.DataProviderParameterexample" name="ScenarioCommon" time="0.001"/>
  <testcase classname="DataProvider.DataProviderParameterexample" name="Scenario1" time="0.015"/>
</testsuite> <!-- DataProvider.DataProviderParameterexample -->
