<?xml version="1.0" encoding="UTF-8"?>
<!-- Generated by org.testng.reporters.JUnitReportReporter -->
<testsuite hostname="DESKTOP-P1CM33A" failures="0" tests="3" name="BasicTest.AnnotationsCheck" time="0.008" errors="0" timestamp="2024-09-01T12:03:21 IST" skipped="0">
  <testcase classname="BasicTest.AnnotationsCheck" name="Test1" time="0.005"/>
  <testcase classname="BasicTest.AnnotationsCheck" name="Test2" time="0.001"/>
  <testcase classname="BasicTest.AnnotationsCheck" name="Test3" time="0.002"/>
</testsuite> <!-- BasicTest.AnnotationsCheck -->
