<?xml version="1.0" encoding="UTF-8"?>
<!-- Generated by org.testng.reporters.JUnitReportReporter -->
<testsuite hostname="TILLT05308" failures="0" tests="2" name="BasicTest.LoginTest" time="0.013" errors="0" timestamp="2024-06-15T20:54:59 IST" skipped="0">
  <testcase classname="BasicTest.LoginTest" name="loginWithInValidCredentials" time="0.011"/>
  <testcase classname="BasicTest.LoginTest" name="loginWithValidCredentials" time="0.002"/>
</testsuite> <!-- BasicTest.LoginTest -->
