<?xml version="1.0" encoding="UTF-8"?>
<!-- Generated by org.testng.reporters.JUnitReportReporter -->
<testsuite hostname="TILLT05308" failures="0" tests="2" name="Parameteization.ParameterizationTest" time="0.016" errors="0" timestamp="2024-06-16T22:45:32 IST" skipped="0">
  <testcase classname="Parameteization.ParameterizationTest" name="getParameter" time="0.011"/>
  <testcase classname="Parameteization.ParameterizationTest" name="loginCredentials" time="0.005"/>
</testsuite> <!-- Parameteization.ParameterizationTest -->
