<?xml version="1.0" encoding="UTF-8"?>
<!-- Generated by org.testng.reporters.JUnitReportReporter -->
<testsuite hostname="TILLT05308" failures="0" tests="1" name="ExtentReport.SampleExtentReport" time="1.348" errors="0" timestamp="2024-06-15T14:46:33 IST" skipped="0">
  <testcase classname="ExtentReport.SampleExtentReport" name="sampleReport" time="1.348"/>
</testsuite> <!-- ExtentReport.SampleExtentReport -->
