<?xml version="1.0" encoding="UTF-8"?>
<!-- Generated by org.testng.reporters.JUnitReportReporter -->
<testsuite hostname="DESKTOP-P1CM33A" failures="0" tests="1" name="RemoteTest.Test4" time="20.254" errors="0" timestamp="2024-08-21T20:42:50 IST" skipped="0">
  <testcase classname="RemoteTest.Test4" name="test4" time="20.254"/>
</testsuite> <!-- RemoteTest.Test4 -->
