<?xml version="1.0" encoding="UTF-8"?>
<!-- Generated by org.testng.reporters.JUnitReportReporter -->
<testsuite hostname="TILLT05308" failures="0" tests="1" name="BasicTest.AnnotationsCheck" time="0.015" errors="0" timestamp="2024-06-13T12:30:50 IST" skipped="0">
  <testcase classname="BasicTest.AnnotationsCheck" name="Test1" time="0.015"/>
</testsuite> <!-- BasicTest.AnnotationsCheck -->
