<?xml version="1.0" encoding="UTF-8"?>
<!-- Generated by org.testng.reporters.JUnitReportReporter -->
<testsuite hostname="DESKTOP-P1CM33A" failures="0" tests="1" name="DataProvider.FacebookIntregation" time="0.006" errors="0" timestamp="2024-09-05T12:59:36 IST" skipped="0">
  <testcase classname="DataProvider.FacebookIntregation" name="FacebookLogin" time="0.006"/>
</testsuite> <!-- DataProvider.FacebookIntregation -->
