<?xml version="1.0" encoding="UTF-8"?>
<!-- Generated by org.testng.reporters.JUnitReportReporter -->
<testsuite hostname="TBSLT00680" failures="0" tests="1" name="ExtentReport.FaceBook_Registration" time="0.888" errors="0" timestamp="2024-07-23T14:13:25 IST" skipped="0">
  <testcase classname="ExtentReport.FaceBook_Registration" name="faceBookRegistration" time="0.888"/>
</testsuite> <!-- ExtentReport.FaceBook_Registration -->
