<?xml version="1.0" encoding="UTF-8"?>
<!-- Generated by org.testng.reporters.JUnitReportReporter -->
<testsuite hostname="TBSLT00680" failures="0" tests="3" name="DataProvider.DataProviderParameterexample" time="0.010" errors="0" timestamp="2024-06-19T19:27:55 IST" skipped="0">
  <testcase classname="DataProvider.DataProviderParameterexample" name="Scenario2" time="0.002"/>
  <testcase classname="DataProvider.DataProviderParameterexample" name="ScenarioCommon" time="0.001"/>
  <testcase classname="DataProvider.DataProviderParameterexample" name="Scenario1" time="0.007"/>
</testsuite> <!-- DataProvider.DataProviderParameterexample -->
