<?xml version="1.0" encoding="UTF-8"?>
<!-- Generated by org.testng.reporters.JUnitReportReporter -->
<testsuite hostname="TBSLT00680" failures="0" tests="1" name="DataProvider.DataProviderAcceptanceExample" time="0.001" errors="0" timestamp="2024-06-19T19:27:55 IST" skipped="0">
  <testcase classname="DataProvider.DataProviderAcceptanceExample" name="AcceptanceTest" time="0.001"/>
</testsuite> <!-- DataProvider.DataProviderAcceptanceExample -->
