<?xml version="1.0" encoding="UTF-8"?>
<!-- Generated by org.testng.reporters.JUnitReportReporter -->
<testsuite hostname="TILLT05308" failures="0" tests="1" name="ExtentReport.ExtentManager" time="0.034" errors="0" timestamp="2024-06-15T21:01:53 IST" skipped="0">
  <testcase classname="ExtentReport.ExtentManager" name="f" time="0.034"/>
</testsuite> <!-- ExtentReport.ExtentManager -->
